1622701834.840433 client started (78124): version 3.2, socket /tmp/tmux-1000/default, protocol 8
1622701834.840489 on Linux 5.12.8-arch1-1 #1 SMP PREEMPT Fri, 28 May 2021 15:10:20 +0000
1622701834.840502 using libevent 2.1.12-stable (poll); ncurses 6.2
1622701834.840536 flags are 0x10010000
1622701834.840545 socket is /tmp/tmux-1000/default
1622701834.840563 trying connect
1622701834.840692 add peer 0x55b8d3630360: 6 ((nil))
1622701834.841341 sending message 100 to peer 0x55b8d3630360 (4 bytes)
1622701834.841362 sending message 111 to peer 0x55b8d3630360 (8 bytes)
1622701834.841372 sending message 101 to peer 0x55b8d3630360 (14 bytes)
1622701834.841380 sending message 109 to peer 0x55b8d3630360 (4 bytes)
1622701834.841390 sending message 102 to peer 0x55b8d3630360 (11 bytes)
1622701834.841399 sending message 108 to peer 0x55b8d3630360 (23 bytes)
1622701834.841408 sending message 112 to peer 0x55b8d3630360 (70 bytes)
1622701834.841417 sending message 112 to peer 0x55b8d3630360 (5 bytes)
1622701834.841427 sending message 112 to peer 0x55b8d3630360 (5 bytes)
1622701834.841436 sending message 112 to peer 0x55b8d3630360 (6 bytes)
1622701834.841444 sending message 112 to peer 0x55b8d3630360 (6 bytes)
1622701834.841453 sending message 112 to peer 0x55b8d3630360 (11 bytes)
1622701834.841461 sending message 112 to peer 0x55b8d3630360 (10 bytes)
1622701834.841469 sending message 112 to peer 0x55b8d3630360 (13 bytes)
1622701834.841478 sending message 112 to peer 0x55b8d3630360 (13 bytes)
1622701834.841487 sending message 112 to peer 0x55b8d3630360 (18 bytes)
1622701834.841496 sending message 112 to peer 0x55b8d3630360 (11 bytes)
1622701834.841505 sending message 112 to peer 0x55b8d3630360 (10 bytes)
1622701834.841514 sending message 112 to peer 0x55b8d3630360 (15 bytes)
1622701834.841523 sending message 112 to peer 0x55b8d3630360 (21 bytes)
1622701834.841531 sending message 112 to peer 0x55b8d3630360 (13 bytes)
1622701834.841540 sending message 112 to peer 0x55b8d3630360 (7 bytes)
1622701834.841549 sending message 112 to peer 0x55b8d3630360 (13 bytes)
1622701834.841557 sending message 112 to peer 0x55b8d3630360 (7 bytes)
1622701834.841566 sending message 112 to peer 0x55b8d3630360 (13 bytes)
1622701834.841575 sending message 112 to peer 0x55b8d3630360 (9 bytes)
1622701834.841583 sending message 112 to peer 0x55b8d3630360 (21 bytes)
1622701834.841592 sending message 112 to peer 0x55b8d3630360 (13 bytes)
1622701834.841601 sending message 112 to peer 0x55b8d3630360 (8 bytes)
1622701834.841609 sending message 112 to peer 0x55b8d3630360 (12 bytes)
1622701834.841618 sending message 112 to peer 0x55b8d3630360 (13 bytes)
1622701834.841626 sending message 112 to peer 0x55b8d3630360 (9 bytes)
1622701834.841635 sending message 112 to peer 0x55b8d3630360 (9 bytes)
1622701834.841644 sending message 112 to peer 0x55b8d3630360 (12 bytes)
1622701834.841653 sending message 112 to peer 0x55b8d3630360 (8 bytes)
1622701834.841662 sending message 112 to peer 0x55b8d3630360 (8 bytes)
1622701834.841670 sending message 112 to peer 0x55b8d3630360 (7 bytes)
1622701834.841679 sending message 112 to peer 0x55b8d3630360 (7 bytes)
1622701834.841687 sending message 112 to peer 0x55b8d3630360 (9 bytes)
1622701834.841695 sending message 112 to peer 0x55b8d3630360 (13 bytes)
1622701834.841705 sending message 112 to peer 0x55b8d3630360 (6 bytes)
1622701834.841713 sending message 112 to peer 0x55b8d3630360 (9 bytes)
1622701834.841722 sending message 112 to peer 0x55b8d3630360 (15 bytes)
1622701834.841731 sending message 112 to peer 0x55b8d3630360 (13 bytes)
1622701834.841739 sending message 112 to peer 0x55b8d3630360 (12 bytes)
1622701834.841747 sending message 112 to peer 0x55b8d3630360 (8 bytes)
1622701834.841756 sending message 112 to peer 0x55b8d3630360 (14 bytes)
1622701834.841764 sending message 112 to peer 0x55b8d3630360 (11 bytes)
1622701834.841773 sending message 112 to peer 0x55b8d3630360 (9 bytes)
1622701834.841782 sending message 112 to peer 0x55b8d3630360 (10 bytes)
1622701834.841791 sending message 112 to peer 0x55b8d3630360 (10 bytes)
1622701834.841799 sending message 112 to peer 0x55b8d3630360 (10 bytes)
1622701834.841824 sending message 112 to peer 0x55b8d3630360 (10 bytes)
1622701834.841833 sending message 112 to peer 0x55b8d3630360 (11 bytes)
1622701834.841842 sending message 112 to peer 0x55b8d3630360 (12 bytes)
1622701834.841850 sending message 112 to peer 0x55b8d3630360 (12 bytes)
1622701834.841859 sending message 112 to peer 0x55b8d3630360 (12 bytes)
1622701834.841868 sending message 112 to peer 0x55b8d3630360 (12 bytes)
1622701834.841877 sending message 112 to peer 0x55b8d3630360 (12 bytes)
1622701834.841886 sending message 112 to peer 0x55b8d3630360 (11 bytes)
1622701834.841894 sending message 112 to peer 0x55b8d3630360 (11 bytes)
1622701834.841903 sending message 112 to peer 0x55b8d3630360 (12 bytes)
1622701834.841911 sending message 112 to peer 0x55b8d3630360 (12 bytes)
1622701834.841920 sending message 112 to peer 0x55b8d3630360 (12 bytes)
1622701834.841929 sending message 112 to peer 0x55b8d3630360 (12 bytes)
1622701834.841938 sending message 112 to peer 0x55b8d3630360 (12 bytes)
1622701834.841946 sending message 112 to peer 0x55b8d3630360 (10 bytes)
1622701834.841955 sending message 112 to peer 0x55b8d3630360 (12 bytes)
1622701834.841963 sending message 112 to peer 0x55b8d3630360 (13 bytes)
1622701834.841985 sending message 112 to peer 0x55b8d3630360 (13 bytes)
1622701834.841987 sending message 112 to peer 0x55b8d3630360 (13 bytes)
1622701834.841988 sending message 112 to peer 0x55b8d3630360 (13 bytes)
1622701834.841990 sending message 112 to peer 0x55b8d3630360 (13 bytes)
1622701834.841991 sending message 112 to peer 0x55b8d3630360 (8 bytes)
1622701834.841993 sending message 112 to peer 0x55b8d3630360 (11 bytes)
1622701834.841995 sending message 112 to peer 0x55b8d3630360 (11 bytes)
1622701834.841996 sending message 112 to peer 0x55b8d3630360 (11 bytes)
1622701834.841997 sending message 112 to peer 0x55b8d3630360 (12 bytes)
1622701834.841999 sending message 112 to peer 0x55b8d3630360 (12 bytes)
1622701834.842000 sending message 112 to peer 0x55b8d3630360 (12 bytes)
1622701834.842002 sending message 112 to peer 0x55b8d3630360 (12 bytes)
1622701834.842003 sending message 112 to peer 0x55b8d3630360 (13 bytes)
1622701834.842005 sending message 112 to peer 0x55b8d3630360 (13 bytes)
1622701834.842006 sending message 112 to peer 0x55b8d3630360 (13 bytes)
1622701834.842008 sending message 112 to peer 0x55b8d3630360 (8 bytes)
1622701834.842009 sending message 112 to peer 0x55b8d3630360 (13 bytes)
1622701834.842011 sending message 112 to peer 0x55b8d3630360 (13 bytes)
1622701834.842012 sending message 112 to peer 0x55b8d3630360 (13 bytes)
1622701834.842014 sending message 112 to peer 0x55b8d3630360 (13 bytes)
1622701834.842015 sending message 112 to peer 0x55b8d3630360 (13 bytes)
1622701834.842017 sending message 112 to peer 0x55b8d3630360 (12 bytes)
1622701834.842019 sending message 112 to peer 0x55b8d3630360 (12 bytes)
1622701834.842020 sending message 112 to peer 0x55b8d3630360 (12 bytes)
1622701834.842021 sending message 112 to peer 0x55b8d3630360 (12 bytes)
1622701834.842023 sending message 112 to peer 0x55b8d3630360 (13 bytes)
1622701834.842024 sending message 112 to peer 0x55b8d3630360 (8 bytes)
1622701834.842026 sending message 112 to peer 0x55b8d3630360 (13 bytes)
1622701834.842027 sending message 112 to peer 0x55b8d3630360 (13 bytes)
1622701834.842029 sending message 112 to peer 0x55b8d3630360 (13 bytes)
1622701834.842030 sending message 112 to peer 0x55b8d3630360 (13 bytes)
1622701834.842032 sending message 112 to peer 0x55b8d3630360 (13 bytes)
1622701834.842033 sending message 112 to peer 0x55b8d3630360 (13 bytes)
1622701834.842035 sending message 112 to peer 0x55b8d3630360 (13 bytes)
1622701834.842036 sending message 112 to peer 0x55b8d3630360 (12 bytes)
1622701834.842038 sending message 112 to peer 0x55b8d3630360 (12 bytes)
1622701834.842039 sending message 112 to peer 0x55b8d3630360 (12 bytes)
1622701834.842041 sending message 112 to peer 0x55b8d3630360 (8 bytes)
1622701834.842042 sending message 112 to peer 0x55b8d3630360 (12 bytes)
1622701834.842044 sending message 112 to peer 0x55b8d3630360 (13 bytes)
1622701834.842047 sending message 112 to peer 0x55b8d3630360 (13 bytes)
1622701834.842048 sending message 112 to peer 0x55b8d3630360 (13 bytes)
1622701834.842050 sending message 112 to peer 0x55b8d3630360 (13 bytes)
1622701834.842051 sending message 112 to peer 0x55b8d3630360 (13 bytes)
1622701834.842053 sending message 112 to peer 0x55b8d3630360 (13 bytes)
1622701834.842055 sending message 112 to peer 0x55b8d3630360 (13 bytes)
1622701834.842056 sending message 112 to peer 0x55b8d3630360 (13 bytes)
1622701834.842058 sending message 112 to peer 0x55b8d3630360 (12 bytes)
1622701834.842059 sending message 112 to peer 0x55b8d3630360 (10 bytes)
1622701834.842061 sending message 112 to peer 0x55b8d3630360 (12 bytes)
1622701834.842062 sending message 112 to peer 0x55b8d3630360 (12 bytes)
1622701834.842064 sending message 112 to peer 0x55b8d3630360 (12 bytes)
1622701834.842065 sending message 112 to peer 0x55b8d3630360 (13 bytes)
1622701834.842067 sending message 112 to peer 0x55b8d3630360 (13 bytes)
1622701834.842068 sending message 112 to peer 0x55b8d3630360 (13 bytes)
1622701834.842070 sending message 112 to peer 0x55b8d3630360 (13 bytes)
1622701834.842071 sending message 112 to peer 0x55b8d3630360 (13 bytes)
1622701834.842073 sending message 112 to peer 0x55b8d3630360 (13 bytes)
1622701834.842074 sending message 112 to peer 0x55b8d3630360 (13 bytes)
1622701834.842076 sending message 112 to peer 0x55b8d3630360 (10 bytes)
1622701834.842082 sending message 112 to peer 0x55b8d3630360 (13 bytes)
1622701834.842085 sending message 112 to peer 0x55b8d3630360 (12 bytes)
1622701834.842087 sending message 112 to peer 0x55b8d3630360 (12 bytes)
1622701834.842089 sending message 112 to peer 0x55b8d3630360 (12 bytes)
1622701834.842090 sending message 112 to peer 0x55b8d3630360 (10 bytes)
1622701834.842091 sending message 112 to peer 0x55b8d3630360 (10 bytes)
1622701834.842093 sending message 112 to peer 0x55b8d3630360 (10 bytes)
1622701834.842095 sending message 112 to peer 0x55b8d3630360 (12 bytes)
1622701834.842096 sending message 112 to peer 0x55b8d3630360 (13 bytes)
1622701834.842098 sending message 112 to peer 0x55b8d3630360 (13 bytes)
1622701834.842099 sending message 112 to peer 0x55b8d3630360 (13 bytes)
1622701834.842101 sending message 112 to peer 0x55b8d3630360 (13 bytes)
1622701834.842102 sending message 112 to peer 0x55b8d3630360 (13 bytes)
1622701834.842104 sending message 112 to peer 0x55b8d3630360 (11 bytes)
1622701834.842105 sending message 112 to peer 0x55b8d3630360 (11 bytes)
1622701834.842107 sending message 112 to peer 0x55b8d3630360 (12 bytes)
1622701834.842108 sending message 112 to peer 0x55b8d3630360 (12 bytes)
1622701834.842110 sending message 112 to peer 0x55b8d3630360 (12 bytes)
1622701834.842111 sending message 112 to peer 0x55b8d3630360 (12 bytes)
1622701834.842113 sending message 112 to peer 0x55b8d3630360 (12 bytes)
1622701834.842114 sending message 112 to peer 0x55b8d3630360 (11 bytes)
1622701834.842116 sending message 112 to peer 0x55b8d3630360 (12 bytes)
1622701834.842117 sending message 112 to peer 0x55b8d3630360 (12 bytes)
1622701834.842119 sending message 112 to peer 0x55b8d3630360 (13 bytes)
1622701834.842120 sending message 112 to peer 0x55b8d3630360 (13 bytes)
1622701834.842122 sending message 112 to peer 0x55b8d3630360 (13 bytes)
1622701834.842123 sending message 112 to peer 0x55b8d3630360 (13 bytes)
1622701834.842125 sending message 112 to peer 0x55b8d3630360 (13 bytes)
1622701834.842126 sending message 112 to peer 0x55b8d3630360 (10 bytes)
1622701834.842128 sending message 112 to peer 0x55b8d3630360 (9 bytes)
1622701834.842129 sending message 112 to peer 0x55b8d3630360 (12 bytes)
1622701834.842131 sending message 112 to peer 0x55b8d3630360 (13 bytes)
1622701834.842132 sending message 112 to peer 0x55b8d3630360 (13 bytes)
1622701834.842134 sending message 112 to peer 0x55b8d3630360 (13 bytes)
1622701834.842136 sending message 112 to peer 0x55b8d3630360 (13 bytes)
1622701834.842137 sending message 112 to peer 0x55b8d3630360 (13 bytes)
1622701834.842138 sending message 112 to peer 0x55b8d3630360 (9 bytes)
1622701834.842141 sending message 112 to peer 0x55b8d3630360 (12 bytes)
1622701834.842143 sending message 112 to peer 0x55b8d3630360 (13 bytes)
1622701834.842145 sending message 112 to peer 0x55b8d3630360 (13 bytes)
1622701834.842146 sending message 112 to peer 0x55b8d3630360 (13 bytes)
1622701834.842148 sending message 112 to peer 0x55b8d3630360 (13 bytes)
1622701834.842149 sending message 112 to peer 0x55b8d3630360 (13 bytes)
1622701834.842151 sending message 112 to peer 0x55b8d3630360 (11 bytes)
1622701834.842152 sending message 112 to peer 0x55b8d3630360 (12 bytes)
1622701834.842153 sending message 112 to peer 0x55b8d3630360 (13 bytes)
1622701834.842155 sending message 112 to peer 0x55b8d3630360 (13 bytes)
1622701834.842157 sending message 112 to peer 0x55b8d3630360 (13 bytes)
1622701834.842158 sending message 112 to peer 0x55b8d3630360 (13 bytes)
1622701834.842160 sending message 112 to peer 0x55b8d3630360 (13 bytes)
1622701834.842161 sending message 112 to peer 0x55b8d3630360 (11 bytes)
1622701834.842163 sending message 112 to peer 0x55b8d3630360 (12 bytes)
1622701834.842164 sending message 112 to peer 0x55b8d3630360 (12 bytes)
1622701834.842166 sending message 112 to peer 0x55b8d3630360 (12 bytes)
1622701834.842167 sending message 112 to peer 0x55b8d3630360 (12 bytes)
1622701834.842169 sending message 112 to peer 0x55b8d3630360 (12 bytes)
1622701834.842171 sending message 112 to peer 0x55b8d3630360 (21 bytes)
1622701834.842172 sending message 112 to peer 0x55b8d3630360 (12 bytes)
1622701834.842174 sending message 112 to peer 0x55b8d3630360 (9 bytes)
1622701834.842175 sending message 112 to peer 0x55b8d3630360 (6 bytes)
1622701834.842177 sending message 112 to peer 0x55b8d3630360 (8 bytes)
1622701834.842178 sending message 112 to peer 0x55b8d3630360 (15 bytes)
1622701834.842180 sending message 112 to peer 0x55b8d3630360 (13 bytes)
1622701834.842181 sending message 112 to peer 0x55b8d3630360 (9 bytes)
1622701834.842183 sending message 112 to peer 0x55b8d3630360 (70 bytes)
1622701834.842185 sending message 112 to peer 0x55b8d3630360 (69 bytes)
1622701834.842186 sending message 112 to peer 0x55b8d3630360 (10 bytes)
1622701834.842188 sending message 112 to peer 0x55b8d3630360 (10 bytes)
1622701834.842189 sending message 112 to peer 0x55b8d3630360 (8 bytes)
1622701834.842191 sending message 112 to peer 0x55b8d3630360 (15 bytes)
1622701834.842192 sending message 112 to peer 0x55b8d3630360 (13 bytes)
1622701834.842194 sending message 112 to peer 0x55b8d3630360 (10 bytes)
1622701834.842195 sending message 112 to peer 0x55b8d3630360 (10 bytes)
1622701834.842197 sending message 112 to peer 0x55b8d3630360 (17 bytes)
1622701834.842199 sending message 112 to peer 0x55b8d3630360 (10 bytes)
1622701834.842200 sending message 112 to peer 0x55b8d3630360 (13 bytes)
1622701834.842202 sending message 112 to peer 0x55b8d3630360 (9 bytes)
1622701834.842203 sending message 112 to peer 0x55b8d3630360 (5 bytes)
1622701834.842205 sending message 112 to peer 0x55b8d3630360 (15 bytes)
1622701834.842207 sending message 104 to peer 0x55b8d3630360 (0 bytes)
1622701834.842208 sending message 110 to peer 0x55b8d3630360 (0 bytes)
1622701834.842210 sending message 107 to peer 0x55b8d3630360 (4 bytes)
1622701834.842212 sending message 105 to peer 0x55b8d3630360 (23 bytes)
1622701834.842213 sending message 105 to peer 0x55b8d3630360 (54 bytes)
1622701834.842215 sending message 105 to peer 0x55b8d3630360 (19 bytes)
1622701834.842217 sending message 105 to peer 0x55b8d3630360 (11 bytes)
1622701834.842218 sending message 105 to peer 0x55b8d3630360 (12 bytes)
1622701834.842220 sending message 105 to peer 0x55b8d3630360 (14 bytes)
1622701834.842221 sending message 105 to peer 0x55b8d3630360 (15 bytes)
1622701834.842222 sending message 105 to peer 0x55b8d3630360 (26 bytes)
1622701834.842224 sending message 105 to peer 0x55b8d3630360 (46 bytes)
1622701834.842225 sending message 105 to peer 0x55b8d3630360 (20 bytes)
1622701834.842227 sending message 105 to peer 0x55b8d3630360 (32 bytes)
1622701834.842229 sending message 105 to peer 0x55b8d3630360 (20 bytes)
1622701834.842231 sending message 105 to peer 0x55b8d3630360 (41 bytes)
1622701834.842233 sending message 105 to peer 0x55b8d3630360 (17 bytes)
1622701834.842235 sending message 105 to peer 0x55b8d3630360 (19 bytes)
1622701834.842236 sending message 105 to peer 0x55b8d3630360 (17 bytes)
1622701834.842238 sending message 105 to peer 0x55b8d3630360 (30 bytes)
1622701834.842239 sending message 105 to peer 0x55b8d3630360 (15 bytes)
1622701834.842241 sending message 105 to peer 0x55b8d3630360 (207 bytes)
1622701834.842242 sending message 105 to peer 0x55b8d3630360 (27 bytes)
1622701834.842244 sending message 105 to peer 0x55b8d3630360 (46 bytes)
1622701834.842246 sending message 105 to peer 0x55b8d3630360 (19 bytes)
1622701834.842247 sending message 105 to peer 0x55b8d3630360 (18 bytes)
1622701834.842248 sending message 105 to peer 0x55b8d3630360 (12 bytes)
1622701834.842250 sending message 105 to peer 0x55b8d3630360 (15 bytes)
1622701834.842251 sending message 105 to peer 0x55b8d3630360 (8 bytes)
1622701834.842253 sending message 105 to peer 0x55b8d3630360 (19 bytes)
1622701834.842255 sending message 105 to peer 0x55b8d3630360 (16 bytes)
1622701834.842256 sending message 105 to peer 0x55b8d3630360 (18 bytes)
1622701834.842258 sending message 105 to peer 0x55b8d3630360 (25 bytes)
1622701834.842259 sending message 105 to peer 0x55b8d3630360 (35 bytes)
1622701834.842261 sending message 105 to peer 0x55b8d3630360 (14 bytes)
1622701834.842262 sending message 105 to peer 0x55b8d3630360 (55 bytes)
1622701834.842264 sending message 105 to peer 0x55b8d3630360 (14 bytes)
1622701834.842265 sending message 105 to peer 0x55b8d3630360 (18 bytes)
1622701834.842267 sending message 105 to peer 0x55b8d3630360 (38 bytes)
1622701834.842268 sending message 105 to peer 0x55b8d3630360 (23 bytes)
1622701834.842270 sending message 105 to peer 0x55b8d3630360 (52 bytes)
1622701834.842271 sending message 105 to peer 0x55b8d3630360 (31 bytes)
1622701834.842273 sending message 105 to peer 0x55b8d3630360 (15 bytes)
1622701834.842274 sending message 105 to peer 0x55b8d3630360 (52 bytes)
1622701834.842276 sending message 105 to peer 0x55b8d3630360 (23 bytes)
1622701834.842278 sending message 105 to peer 0x55b8d3630360 (23 bytes)
1622701834.842279 sending message 105 to peer 0x55b8d3630360 (18 bytes)
1622701834.842281 sending message 105 to peer 0x55b8d3630360 (58 bytes)
1622701834.842282 sending message 105 to peer 0x55b8d3630360 (21 bytes)
1622701834.842284 sending message 105 to peer 0x55b8d3630360 (11 bytes)
1622701834.842285 sending message 105 to peer 0x55b8d3630360 (21 bytes)
1622701834.842286 sending message 105 to peer 0x55b8d3630360 (16 bytes)
1622701834.842288 sending message 105 to peer 0x55b8d3630360 (30 bytes)
1622701834.842290 sending message 105 to peer 0x55b8d3630360 (89 bytes)
1622701834.842291 sending message 105 to peer 0x55b8d3630360 (10 bytes)
1622701834.842293 sending message 105 to peer 0x55b8d3630360 (12 bytes)
1622701834.842294 sending message 106 to peer 0x55b8d3630360 (0 bytes)
1622701834.842299 sending message 200 to peer 0x55b8d3630360 (4 bytes)
1622701834.842301 client loop enter
1622701834.843528 peer 0x55b8d3630360 message 303
1622701834.843534 open write file 2 -
1622701834.843538 sending message 305 to peer 0x55b8d3630360 (8 bytes)
1622701834.843542 write check file 2
1622701834.843663 peer 0x55b8d3630360 message 304
1622701834.843668 write 58 to file 2
1622701834.843671 peer 0x55b8d3630360 message 203
1622701834.843672 file 2 58 bytes left
1622701834.843679 write check file 2
1622701834.843681 client loop exit
